2025-04-26 20:43:06,327 - INFO - Starting federated learning simulation
2025-04-26 20:43:06,332 - INFO - Loading CICIDS2017 data from C:\Users\Samsung\OneDrive\Desktop\Random Projects Cause I Was Bored\People\Adi Senior Research\MachineLearningCVE
2025-04-26 20:43:29,822 - INFO - Loaded 2830743 samples from 8 files
2025-04-26 20:43:29,832 - WARNING - Missing columns: ['Fwd Packet Length Total', 'Bwd Packet Length Total']. Using available features
2025-04-26 20:43:35,029 - INFO - Prepared 800 training and 200 validation samples
2025-04-26 20:43:35,741 - INFO - Initializing client 1
2025-04-26 20:43:40,629 - INFO - Client initialized without Opacus, using manual DP
2025-04-26 20:43:40,630 - INFO - Initializing client 2
2025-04-26 20:43:40,634 - INFO - Client initialized without Opacus, using manual DP
2025-04-26 20:43:40,635 - INFO - Initializing client 3
2025-04-26 20:43:40,638 - INFO - Client initialized without Opacus, using manual DP
2025-04-26 20:43:40,641 - INFO - Server started
2025-04-26 20:43:40,640 - WARNING - DEPRECATED FEATURE: flwr.server.start_server() is deprecated.
	Instead, use the `flower-superlink` CLI command to start a SuperLink as shown below:

		$ flower-superlink --insecure

	To view usage and all available options, run:

		$ flower-superlink --help

	Using `start_server()` is deprecated.

            This is a deprecated feature. It will be removed
            entirely in future versions of Flower.
        
2025-04-26 20:43:40,651 - INFO - Starting client 1
2025-04-26 20:43:40,653 - WARNING - DEPRECATED FEATURE: flwr.client.start_numpy_client() is deprecated. 
	Instead, use `flwr.client.start_client()` by ensuring you first call the `.to_client()` method as shown below: 
	flwr.client.start_client(
		server_address='<IP>:<PORT>',
		client=FlowerClient().to_client(), # <-- where FlowerClient is of type flwr.client.NumPyClient object
	)
	Using `start_numpy_client()` is deprecated.

            This is a deprecated feature. It will be removed
            entirely in future versions of Flower.
        
2025-04-26 20:43:40,654 - WARNING - DEPRECATED FEATURE: flwr.client.start_client() is deprecated.
	Instead, use the `flower-supernode` CLI command to start a SuperNode as shown below:

		$ flower-supernode --insecure --superlink='<IP>:<PORT>'

	To view all available options, run:

		$ flower-supernode --help

	Using `start_client()` is deprecated.

            This is a deprecated feature. It will be removed
            entirely in future versions of Flower.
        
2025-04-26 20:43:40,656 - INFO - Starting Flower server, config: num_rounds=3, no round_timeout
2025-04-26 20:43:40,710 - DEBUG - Opened insecure gRPC connection (no certificates were passed)
2025-04-26 20:43:40,717 - DEBUG - ChannelConnectivity.IDLE
2025-04-26 20:43:40,717 - DEBUG - ChannelConnectivity.CONNECTING
2025-04-26 20:43:40,724 - DEBUG - ChannelConnectivity.TRANSIENT_FAILURE
2025-04-26 20:43:40,724 - INFO - Flower ECE: gRPC server running (3 rounds), SSL is disabled
2025-04-26 20:43:40,929 - DEBUG - gRPC channel closed
2025-04-26 20:43:40,930 - ERROR - Client 1 failed: <_MultiThreadedRendezvous of RPC that terminated with:
	status = StatusCode.UNAVAILABLE
	details = "failed to connect to all addresses; last error: UNAVAILABLE: ipv4:0.0.0.0:8080: ConnectEx: WSA Error (The requested address is not valid in its context.
 -- 10049)"
	debug_error_string = "UNKNOWN:Error received from peer  {created_time:"2025-04-26T15:13:40.7641429+00:00", grpc_status:14, grpc_message:"failed to connect to all addresses; last error: UNAVAILABLE: ipv4:0.0.0.0:8080: ConnectEx: WSA Error (The requested address is not valid in its context.\r\n -- 10049)"}"
>
2025-04-26 20:43:40,930 - INFO - Starting client 2
2025-04-26 20:43:40,931 - WARNING - DEPRECATED FEATURE: flwr.client.start_numpy_client() is deprecated. 
	Instead, use `flwr.client.start_client()` by ensuring you first call the `.to_client()` method as shown below: 
	flwr.client.start_client(
		server_address='<IP>:<PORT>',
		client=FlowerClient().to_client(), # <-- where FlowerClient is of type flwr.client.NumPyClient object
	)
	Using `start_numpy_client()` is deprecated.

            This is a deprecated feature. It will be removed
            entirely in future versions of Flower.
        
2025-04-26 20:43:40,932 - WARNING - DEPRECATED FEATURE: flwr.client.start_client() is deprecated.
	Instead, use the `flower-supernode` CLI command to start a SuperNode as shown below:

		$ flower-supernode --insecure --superlink='<IP>:<PORT>'

	To view all available options, run:

		$ flower-supernode --help

	Using `start_client()` is deprecated.

            This is a deprecated feature. It will be removed
            entirely in future versions of Flower.
        
2025-04-26 20:43:40,933 - DEBUG - Opened insecure gRPC connection (no certificates were passed)
2025-04-26 20:43:40,935 - DEBUG - ChannelConnectivity.IDLE
2025-04-26 20:43:40,938 - DEBUG - ChannelConnectivity.CONNECTING
2025-04-26 20:43:40,941 - DEBUG - ChannelConnectivity.TRANSIENT_FAILURE
2025-04-26 20:43:41,147 - DEBUG - gRPC channel closed
2025-04-26 20:43:41,149 - ERROR - Client 2 failed: <_MultiThreadedRendezvous of RPC that terminated with:
	status = StatusCode.UNAVAILABLE
	details = "failed to connect to all addresses; last error: UNAVAILABLE: ipv4:0.0.0.0:8080: ConnectEx: WSA Error (The requested address is not valid in its context.
 -- 10049)"
	debug_error_string = "UNKNOWN:Error received from peer  {created_time:"2025-04-26T15:13:40.9623306+00:00", grpc_status:14, grpc_message:"failed to connect to all addresses; last error: UNAVAILABLE: ipv4:0.0.0.0:8080: ConnectEx: WSA Error (The requested address is not valid in its context.\r\n -- 10049)"}"
>
2025-04-26 20:43:41,152 - INFO - Starting client 3
2025-04-26 20:43:41,153 - WARNING - DEPRECATED FEATURE: flwr.client.start_numpy_client() is deprecated. 
	Instead, use `flwr.client.start_client()` by ensuring you first call the `.to_client()` method as shown below: 
	flwr.client.start_client(
		server_address='<IP>:<PORT>',
		client=FlowerClient().to_client(), # <-- where FlowerClient is of type flwr.client.NumPyClient object
	)
	Using `start_numpy_client()` is deprecated.

            This is a deprecated feature. It will be removed
            entirely in future versions of Flower.
        
2025-04-26 20:43:41,154 - WARNING - DEPRECATED FEATURE: flwr.client.start_client() is deprecated.
	Instead, use the `flower-supernode` CLI command to start a SuperNode as shown below:

		$ flower-supernode --insecure --superlink='<IP>:<PORT>'

	To view all available options, run:

		$ flower-supernode --help

	Using `start_client()` is deprecated.

            This is a deprecated feature. It will be removed
            entirely in future versions of Flower.
        
2025-04-26 20:43:41,158 - DEBUG - Opened insecure gRPC connection (no certificates were passed)
2025-04-26 20:43:41,173 - DEBUG - ChannelConnectivity.IDLE
2025-04-26 20:43:41,174 - DEBUG - ChannelConnectivity.TRANSIENT_FAILURE
2025-04-26 20:43:41,384 - DEBUG - gRPC channel closed
2025-04-26 20:43:41,385 - ERROR - Client 3 failed: <_MultiThreadedRendezvous of RPC that terminated with:
	status = StatusCode.UNAVAILABLE
	details = "failed to connect to all addresses; last error: UNAVAILABLE: ipv4:0.0.0.0:8080: ConnectEx: WSA Error (The requested address is not valid in its context.
 -- 10049)"
	debug_error_string = "UNKNOWN:Error received from peer  {created_time:"2025-04-26T15:13:41.2071835+00:00", grpc_status:14, grpc_message:"failed to connect to all addresses; last error: UNAVAILABLE: ipv4:0.0.0.0:8080: ConnectEx: WSA Error (The requested address is not valid in its context.\r\n -- 10049)"}"
>
2025-04-26 20:43:41,386 - INFO - Federated learning simulation completed
2025-04-26 20:46:38,135 - INFO - Starting federated learning simulation
2025-04-26 20:46:38,140 - INFO - Loading CICIDS2017 data from C:\Users\Samsung\OneDrive\Desktop\Random Projects Cause I Was Bored\People\Adi Senior Research\MachineLearningCVE
2025-04-26 20:47:00,403 - INFO - Loaded 2830743 samples from 8 files
2025-04-26 20:47:05,101 - INFO - Prepared 800 training and 200 validation samples
2025-04-26 20:47:05,647 - INFO - Initializing client 1
2025-04-26 20:47:08,303 - INFO - Client initialized without Opacus, using manual DP
2025-04-26 20:47:08,303 - INFO - Initializing client 2
2025-04-26 20:47:08,306 - INFO - Client initialized without Opacus, using manual DP
2025-04-26 20:47:08,307 - INFO - Initializing client 3
2025-04-26 20:47:08,311 - INFO - Client initialized without Opacus, using manual DP
2025-04-26 20:47:08,317 - INFO - Server started
2025-04-26 20:47:08,313 - WARNING - DEPRECATED FEATURE: flwr.server.start_server() is deprecated.
	Instead, use the `flower-superlink` CLI command to start a SuperLink as shown below:

		$ flower-superlink --insecure

	To view usage and all available options, run:

		$ flower-superlink --help

	Using `start_server()` is deprecated.

            This is a deprecated feature. It will be removed
            entirely in future versions of Flower.
        
2025-04-26 20:47:08,320 - INFO - Starting Flower server, config: num_rounds=3, no round_timeout
2025-04-26 20:47:08,378 - INFO - Flower ECE: gRPC server running (3 rounds), SSL is disabled
2025-04-26 20:47:10,319 - INFO - Starting client 1
2025-04-26 20:47:10,320 - WARNING - DEPRECATED FEATURE: flwr.client.start_client() is deprecated.
	Instead, use the `flower-supernode` CLI command to start a SuperNode as shown below:

		$ flower-supernode --insecure --superlink='<IP>:<PORT>'

	To view all available options, run:

		$ flower-supernode --help

	Using `start_client()` is deprecated.

            This is a deprecated feature. It will be removed
            entirely in future versions of Flower.
        
2025-04-26 20:47:10,354 - DEBUG - Opened insecure gRPC connection (no certificates were passed)
2025-04-26 20:47:10,366 - DEBUG - ChannelConnectivity.IDLE
2025-04-26 20:47:10,370 - DEBUG - ChannelConnectivity.CONNECTING
2025-04-26 20:47:12,423 - DEBUG - ChannelConnectivity.TRANSIENT_FAILURE
2025-04-26 20:47:12,637 - DEBUG - gRPC channel closed
2025-04-26 20:47:12,643 - ERROR - Client 1 failed: <_MultiThreadedRendezvous of RPC that terminated with:
	status = StatusCode.UNAVAILABLE
	details = "failed to connect to all addresses; last error: UNAVAILABLE: ipv4:127.0.0.1:8080: ConnectEx: Connection refused (No connection could be made because the target machine actively refused it.
 -- 10061)"
	debug_error_string = "UNKNOWN:Error received from peer  {created_time:"2025-04-26T15:17:12.4634264+00:00", grpc_status:14, grpc_message:"failed to connect to all addresses; last error: UNAVAILABLE: ipv4:127.0.0.1:8080: ConnectEx: Connection refused (No connection could be made because the target machine actively refused it.\r\n -- 10061)"}"
>
2025-04-26 20:47:12,644 - INFO - Starting client 2
2025-04-26 20:47:12,645 - WARNING - DEPRECATED FEATURE: flwr.client.start_client() is deprecated.
	Instead, use the `flower-supernode` CLI command to start a SuperNode as shown below:

		$ flower-supernode --insecure --superlink='<IP>:<PORT>'

	To view all available options, run:

		$ flower-supernode --help

	Using `start_client()` is deprecated.

            This is a deprecated feature. It will be removed
            entirely in future versions of Flower.
        
2025-04-26 20:47:12,650 - DEBUG - Opened insecure gRPC connection (no certificates were passed)
2025-04-26 20:47:12,687 - DEBUG - ChannelConnectivity.IDLE
2025-04-26 20:47:12,693 - DEBUG - ChannelConnectivity.CONNECTING
2025-04-26 20:47:14,745 - DEBUG - ChannelConnectivity.TRANSIENT_FAILURE
2025-04-26 20:47:14,960 - DEBUG - gRPC channel closed
2025-04-26 20:47:14,968 - ERROR - Client 2 failed: <_MultiThreadedRendezvous of RPC that terminated with:
	status = StatusCode.UNAVAILABLE
	details = "failed to connect to all addresses; last error: UNAVAILABLE: ipv4:127.0.0.1:8080: ConnectEx: Connection refused (No connection could be made because the target machine actively refused it.
 -- 10061)"
	debug_error_string = "UNKNOWN:Error received from peer  {created_time:"2025-04-26T15:17:14.7720174+00:00", grpc_status:14, grpc_message:"failed to connect to all addresses; last error: UNAVAILABLE: ipv4:127.0.0.1:8080: ConnectEx: Connection refused (No connection could be made because the target machine actively refused it.\r\n -- 10061)"}"
>
2025-04-26 20:47:14,970 - INFO - Starting client 3
2025-04-26 20:47:14,974 - WARNING - DEPRECATED FEATURE: flwr.client.start_client() is deprecated.
	Instead, use the `flower-supernode` CLI command to start a SuperNode as shown below:

		$ flower-supernode --insecure --superlink='<IP>:<PORT>'

	To view all available options, run:

		$ flower-supernode --help

	Using `start_client()` is deprecated.

            This is a deprecated feature. It will be removed
            entirely in future versions of Flower.
        
2025-04-26 20:47:14,999 - DEBUG - Opened insecure gRPC connection (no certificates were passed)
2025-04-26 20:47:15,035 - DEBUG - ChannelConnectivity.IDLE
2025-04-26 20:47:15,036 - DEBUG - ChannelConnectivity.CONNECTING
2025-04-26 20:47:17,087 - DEBUG - ChannelConnectivity.TRANSIENT_FAILURE
2025-04-26 20:47:17,306 - DEBUG - gRPC channel closed
2025-04-26 20:47:17,309 - ERROR - Client 3 failed: <_MultiThreadedRendezvous of RPC that terminated with:
	status = StatusCode.UNAVAILABLE
	details = "failed to connect to all addresses; last error: UNAVAILABLE: ipv4:127.0.0.1:8080: ConnectEx: Connection refused (No connection could be made because the target machine actively refused it.
 -- 10061)"
	debug_error_string = "UNKNOWN:Error received from peer  {created_time:"2025-04-26T15:17:17.1034994+00:00", grpc_status:14, grpc_message:"failed to connect to all addresses; last error: UNAVAILABLE: ipv4:127.0.0.1:8080: ConnectEx: Connection refused (No connection could be made because the target machine actively refused it.\r\n -- 10061)"}"
>
2025-04-26 20:47:17,309 - INFO - Federated learning simulation completed
2025-04-26 20:52:19,070 - INFO - Starting federated learning simulation
2025-04-26 20:52:19,073 - INFO - Loading CICIDS2017 data from C:\Users\Samsung\OneDrive\Desktop\Random Projects Cause I Was Bored\People\Adi Senior Research\MachineLearningCVE
2025-04-26 20:52:40,256 - INFO - Loaded 2830743 samples from 8 files
2025-04-26 20:52:44,665 - INFO - Prepared 800 training and 200 validation samples
2025-04-26 20:52:45,294 - INFO - Initializing client 1
2025-04-26 20:52:48,219 - INFO - Client initialized without Opacus, using manual DP
2025-04-26 20:52:48,220 - INFO - Initializing client 2
2025-04-26 20:52:48,227 - INFO - Client initialized without Opacus, using manual DP
2025-04-26 20:52:48,228 - INFO - Initializing client 3
2025-04-26 20:52:48,232 - INFO - Client initialized without Opacus, using manual DP
2025-04-26 20:52:48,261 - INFO - Server started
2025-04-26 20:52:48,258 - WARNING - DEPRECATED FEATURE: flwr.server.start_server() is deprecated.
	Instead, use the `flower-superlink` CLI command to start a SuperLink as shown below:

		$ flower-superlink --insecure

	To view usage and all available options, run:

		$ flower-superlink --help

	Using `start_server()` is deprecated.

            This is a deprecated feature. It will be removed
            entirely in future versions of Flower.
        
2025-04-26 20:52:48,272 - INFO - Starting Flower server, config: num_rounds=3, no round_timeout
2025-04-26 20:52:48,295 - INFO - Flower ECE: gRPC server running (3 rounds), SSL is disabled
2025-04-26 20:52:50,263 - INFO - Starting client 1
2025-04-26 20:52:50,265 - WARNING - DEPRECATED FEATURE: flwr.client.start_client() is deprecated.
	Instead, use the `flower-supernode` CLI command to start a SuperNode as shown below:

		$ flower-supernode --insecure --superlink='<IP>:<PORT>'

	To view all available options, run:

		$ flower-supernode --help

	Using `start_client()` is deprecated.

            This is a deprecated feature. It will be removed
            entirely in future versions of Flower.
        
2025-04-26 20:52:50,283 - DEBUG - Opened insecure gRPC connection (no certificates were passed)
2025-04-26 20:52:50,290 - DEBUG - ChannelConnectivity.IDLE
2025-04-26 20:52:50,293 - DEBUG - ChannelConnectivity.CONNECTING
2025-04-26 20:52:52,320 - DEBUG - ChannelConnectivity.TRANSIENT_FAILURE
2025-04-26 20:52:52,523 - DEBUG - gRPC channel closed
2025-04-26 20:52:52,524 - ERROR - Client 1 failed: <_MultiThreadedRendezvous of RPC that terminated with:
	status = StatusCode.UNAVAILABLE
	details = "failed to connect to all addresses; last error: UNAVAILABLE: ipv4:127.0.0.1:8080: ConnectEx: Connection refused (No connection could be made because the target machine actively refused it.
 -- 10061)"
	debug_error_string = "UNKNOWN:Error received from peer  {grpc_message:"failed to connect to all addresses; last error: UNAVAILABLE: ipv4:127.0.0.1:8080: ConnectEx: Connection refused (No connection could be made because the target machine actively refused it.\r\n -- 10061)", grpc_status:14, created_time:"2025-04-26T15:22:52.3428157+00:00"}"
>
2025-04-26 20:52:52,526 - INFO - Starting client 2
2025-04-26 20:52:52,526 - WARNING - DEPRECATED FEATURE: flwr.client.start_client() is deprecated.
	Instead, use the `flower-supernode` CLI command to start a SuperNode as shown below:

		$ flower-supernode --insecure --superlink='<IP>:<PORT>'

	To view all available options, run:

		$ flower-supernode --help

	Using `start_client()` is deprecated.

            This is a deprecated feature. It will be removed
            entirely in future versions of Flower.
        
2025-04-26 20:52:52,531 - DEBUG - Opened insecure gRPC connection (no certificates were passed)
2025-04-26 20:52:52,540 - DEBUG - ChannelConnectivity.IDLE
2025-04-26 20:52:52,541 - DEBUG - ChannelConnectivity.CONNECTING
2025-04-26 20:52:54,589 - DEBUG - ChannelConnectivity.TRANSIENT_FAILURE
2025-04-26 20:52:54,805 - DEBUG - gRPC channel closed
2025-04-26 20:52:54,806 - ERROR - Client 2 failed: <_MultiThreadedRendezvous of RPC that terminated with:
	status = StatusCode.UNAVAILABLE
	details = "failed to connect to all addresses; last error: UNAVAILABLE: ipv4:127.0.0.1:8080: ConnectEx: Connection refused (No connection could be made because the target machine actively refused it.
 -- 10061)"
	debug_error_string = "UNKNOWN:Error received from peer  {grpc_message:"failed to connect to all addresses; last error: UNAVAILABLE: ipv4:127.0.0.1:8080: ConnectEx: Connection refused (No connection could be made because the target machine actively refused it.\r\n -- 10061)", grpc_status:14, created_time:"2025-04-26T15:22:54.6035173+00:00"}"
>
2025-04-26 20:52:54,807 - INFO - Starting client 3
2025-04-26 20:52:54,808 - WARNING - DEPRECATED FEATURE: flwr.client.start_client() is deprecated.
	Instead, use the `flower-supernode` CLI command to start a SuperNode as shown below:

		$ flower-supernode --insecure --superlink='<IP>:<PORT>'

	To view all available options, run:

		$ flower-supernode --help

	Using `start_client()` is deprecated.

            This is a deprecated feature. It will be removed
            entirely in future versions of Flower.
        
2025-04-26 20:52:54,811 - DEBUG - Opened insecure gRPC connection (no certificates were passed)
2025-04-26 20:52:54,823 - DEBUG - ChannelConnectivity.IDLE
2025-04-26 20:52:54,824 - DEBUG - ChannelConnectivity.CONNECTING
2025-04-26 20:52:56,866 - DEBUG - ChannelConnectivity.TRANSIENT_FAILURE
2025-04-26 20:52:57,083 - DEBUG - gRPC channel closed
2025-04-26 20:52:57,085 - ERROR - Client 3 failed: <_MultiThreadedRendezvous of RPC that terminated with:
	status = StatusCode.UNAVAILABLE
	details = "failed to connect to all addresses; last error: UNAVAILABLE: ipv4:127.0.0.1:8080: ConnectEx: Connection refused (No connection could be made because the target machine actively refused it.
 -- 10061)"
	debug_error_string = "UNKNOWN:Error received from peer  {created_time:"2025-04-26T15:22:56.8778255+00:00", grpc_status:14, grpc_message:"failed to connect to all addresses; last error: UNAVAILABLE: ipv4:127.0.0.1:8080: ConnectEx: Connection refused (No connection could be made because the target machine actively refused it.\r\n -- 10061)"}"
>
2025-04-26 20:52:57,085 - INFO - Federated learning simulation completed
2025-04-26 20:59:49,057 - INFO - Starting federated learning simulation
2025-04-26 20:59:49,060 - INFO - Loading CICIDS2017 data from C:\Users\Samsung\OneDrive\Desktop\Random Projects Cause I Was Bored\People\Adi Senior Research\MachineLearningCVE
2025-04-26 21:00:11,194 - INFO - Loaded 2830743 samples from 8 files
2025-04-26 21:00:15,901 - INFO - Prepared 800 training and 200 validation samples
2025-04-26 21:00:16,493 - INFO - Initializing client 1
2025-04-26 21:00:18,955 - INFO - Client initialized without Opacus, using manual DP
2025-04-26 21:00:18,956 - INFO - Initializing client 2
2025-04-26 21:00:18,961 - INFO - Client initialized without Opacus, using manual DP
2025-04-26 21:00:18,961 - INFO - Initializing client 3
2025-04-26 21:00:18,972 - INFO - Client initialized without Opacus, using manual DP
2025-04-26 21:00:18,990 - INFO - Server thread started at 0.0.0.0:8080
2025-04-26 21:00:18,986 - WARNING - DEPRECATED FEATURE: flwr.server.start_server() is deprecated.
	Instead, use the `flower-superlink` CLI command to start a SuperLink as shown below:

		$ flower-superlink --insecure

	To view usage and all available options, run:

		$ flower-superlink --help

	Using `start_server()` is deprecated.

            This is a deprecated feature. It will be removed
            entirely in future versions of Flower.
        
2025-04-26 21:00:18,998 - INFO - Waiting for server to become available...
2025-04-26 21:00:19,001 - INFO - Starting Flower server, config: num_rounds=3, no round_timeout
2025-04-26 21:00:19,023 - INFO - Flower ECE: gRPC server running (3 rounds), SSL is disabled
2025-04-26 21:00:19,503 - INFO - Server is now accepting connections
2025-04-26 21:00:19,505 - INFO - Starting client 1
2025-04-26 21:00:19,509 - INFO - Client 1 connecting to server at 127.0.0.1:8080
2025-04-26 21:00:19,511 - WARNING - DEPRECATED FEATURE: flwr.client.start_client() is deprecated.
	Instead, use the `flower-supernode` CLI command to start a SuperNode as shown below:

		$ flower-supernode --insecure --superlink='<IP>:<PORT>'

	To view all available options, run:

		$ flower-supernode --help

	Using `start_client()` is deprecated.

            This is a deprecated feature. It will be removed
            entirely in future versions of Flower.
        
2025-04-26 21:00:19,550 - DEBUG - Opened insecure gRPC connection (no certificates were passed)
2025-04-26 21:00:19,554 - DEBUG - ChannelConnectivity.IDLE
2025-04-26 21:00:19,556 - DEBUG - ChannelConnectivity.CONNECTING
2025-04-26 21:00:19,558 - DEBUG - ChannelConnectivity.READY
2025-04-26 21:00:19,569 - DEBUG - ChannelConnectivity.IDLE
2025-04-26 21:00:20,509 - INFO - Starting client 2
2025-04-26 21:00:20,512 - INFO - Client 2 connecting to server at 127.0.0.1:8080
2025-04-26 21:00:20,513 - WARNING - DEPRECATED FEATURE: flwr.client.start_client() is deprecated.
	Instead, use the `flower-supernode` CLI command to start a SuperNode as shown below:

		$ flower-supernode --insecure --superlink='<IP>:<PORT>'

	To view all available options, run:

		$ flower-supernode --help

	Using `start_client()` is deprecated.

            This is a deprecated feature. It will be removed
            entirely in future versions of Flower.
        
2025-04-26 21:00:20,515 - DEBUG - Opened insecure gRPC connection (no certificates were passed)
2025-04-26 21:00:20,524 - DEBUG - ChannelConnectivity.IDLE
2025-04-26 21:00:20,526 - DEBUG - ChannelConnectivity.CONNECTING
2025-04-26 21:00:21,512 - INFO - Starting client 3
2025-04-26 21:00:21,517 - INFO - Client 3 connecting to server at 127.0.0.1:8080
2025-04-26 21:00:21,522 - WARNING - DEPRECATED FEATURE: flwr.client.start_client() is deprecated.
	Instead, use the `flower-supernode` CLI command to start a SuperNode as shown below:

		$ flower-supernode --insecure --superlink='<IP>:<PORT>'

	To view all available options, run:

		$ flower-supernode --help

	Using `start_client()` is deprecated.

            This is a deprecated feature. It will be removed
            entirely in future versions of Flower.
        
2025-04-26 21:00:21,527 - DEBUG - Opened insecure gRPC connection (no certificates were passed)
2025-04-26 21:00:21,546 - DEBUG - ChannelConnectivity.IDLE
2025-04-26 21:00:21,548 - DEBUG - ChannelConnectivity.CONNECTING
2025-04-26 21:00:22,570 - DEBUG - ChannelConnectivity.TRANSIENT_FAILURE
2025-04-26 21:00:22,571 - DEBUG - ChannelConnectivity.TRANSIENT_FAILURE
2025-04-26 21:00:22,784 - DEBUG - gRPC channel closed
2025-04-26 21:00:22,784 - DEBUG - gRPC channel closed
2025-04-26 21:00:22,787 - ERROR - Client 2 failed: <_MultiThreadedRendezvous of RPC that terminated with:
	status = StatusCode.UNAVAILABLE
	details = "failed to connect to all addresses; last error: UNAVAILABLE: ipv4:127.0.0.1:8080: ConnectEx: Connection refused (No connection could be made because the target machine actively refused it.
 -- 10061)"
	debug_error_string = "UNKNOWN:Error received from peer  {created_time:"2025-04-26T15:30:22.6069648+00:00", grpc_status:14, grpc_message:"failed to connect to all addresses; last error: UNAVAILABLE: ipv4:127.0.0.1:8080: ConnectEx: Connection refused (No connection could be made because the target machine actively refused it.\r\n -- 10061)"}"
>
2025-04-26 21:00:22,791 - ERROR - Client 3 failed: <_MultiThreadedRendezvous of RPC that terminated with:
	status = StatusCode.UNAVAILABLE
	details = "failed to connect to all addresses; last error: UNAVAILABLE: ipv4:127.0.0.1:8080: ConnectEx: Connection refused (No connection could be made because the target machine actively refused it.
 -- 10061)"
	debug_error_string = "UNKNOWN:Error received from peer  {grpc_message:"failed to connect to all addresses; last error: UNAVAILABLE: ipv4:127.0.0.1:8080: ConnectEx: Connection refused (No connection could be made because the target machine actively refused it.\r\n -- 10061)", grpc_status:14, created_time:"2025-04-26T15:30:22.6058768+00:00"}"
>
2025-04-26 21:08:14,856 - INFO - Starting federated learning simulation
2025-04-26 21:08:14,860 - INFO - Loading CICIDS2017 data from C:\Users\Samsung\OneDrive\Desktop\Random Projects Cause I Was Bored\People\Adi Senior Research\MachineLearningCVE
2025-04-26 21:08:36,525 - INFO - Loaded 2830743 samples from 8 files
2025-04-26 21:08:41,107 - INFO - Prepared 800 training and 200 validation samples
2025-04-26 21:08:41,656 - INFO - Initializing client 1
2025-04-26 21:08:44,067 - INFO - Client initialized without Opacus, using manual DP
2025-04-26 21:08:44,068 - INFO - Initializing client 2
2025-04-26 21:08:44,071 - INFO - Client initialized without Opacus, using manual DP
2025-04-26 21:08:44,072 - INFO - Initializing client 3
2025-04-26 21:08:44,074 - INFO - Client initialized without Opacus, using manual DP
2025-04-26 21:08:44,077 - INFO - Starting server as a separate process on port 8099
2025-04-26 21:08:44,137 - INFO - Waiting 15 seconds for server to initialize...
2025-04-26 21:08:59,138 - INFO - Starting client 1
2025-04-26 21:08:59,139 - WARNING - DEPRECATED FEATURE: flwr.client.start_client() is deprecated.
	Instead, use the `flower-supernode` CLI command to start a SuperNode as shown below:

		$ flower-supernode --insecure --superlink='<IP>:<PORT>'

	To view all available options, run:

		$ flower-supernode --help

	Using `start_client()` is deprecated.

            This is a deprecated feature. It will be removed
            entirely in future versions of Flower.
        
2025-04-26 21:08:59,155 - DEBUG - Opened insecure gRPC connection (no certificates were passed)
2025-04-26 21:08:59,161 - DEBUG - ChannelConnectivity.IDLE
2025-04-26 21:08:59,162 - DEBUG - ChannelConnectivity.CONNECTING
2025-04-26 21:08:59,178 - DEBUG - ChannelConnectivity.READY
2025-04-26 21:08:59,198 - INFO - 
2025-04-26 21:08:59,203 - INFO - Received: get_parameters message 48be5357-94b0-47d0-be52-0095c2baa92d
2025-04-26 21:08:59,216 - INFO - Sent reply
2025-04-26 21:19:31,722 - DEBUG - gRPC channel closed
2025-04-26 21:31:59,360 - INFO - Starting federated learning simulation
2025-04-26 21:31:59,369 - INFO - Loading CICIDS2017 data from C:\Users\Samsung\OneDrive\Desktop\Random Projects Cause I Was Bored\People\Adi Senior Research\MachineLearningCVE
2025-04-26 21:32:22,618 - INFO - Loaded 2830743 samples from 8 files
2025-04-26 21:32:26,865 - INFO - Prepared 800 training and 200 validation samples
2025-04-26 21:32:27,450 - INFO - Initializing client 1
2025-04-26 21:32:30,435 - INFO - Client initialized without Opacus, using manual DP
2025-04-26 21:32:30,436 - INFO - Initializing client 2
2025-04-26 21:32:30,440 - INFO - Client initialized without Opacus, using manual DP
2025-04-26 21:32:30,440 - INFO - Initializing client 3
2025-04-26 21:32:30,442 - INFO - Client initialized without Opacus, using manual DP
2025-04-26 21:32:30,445 - INFO - Starting server as a separate process on port 8099
2025-04-26 21:32:30,492 - INFO - Waiting 15 seconds for server to initialize...
2025-04-26 21:32:45,493 - INFO - Starting client 1
2025-04-26 21:32:45,494 - WARNING - DEPRECATED FEATURE: flwr.client.start_client() is deprecated.
	Instead, use the `flower-supernode` CLI command to start a SuperNode as shown below:

		$ flower-supernode --insecure --superlink='<IP>:<PORT>'

	To view all available options, run:

		$ flower-supernode --help

	Using `start_client()` is deprecated.

            This is a deprecated feature. It will be removed
            entirely in future versions of Flower.
        
2025-04-26 21:32:45,516 - DEBUG - Opened insecure gRPC connection (no certificates were passed)
2025-04-26 21:32:45,525 - DEBUG - ChannelConnectivity.IDLE
2025-04-26 21:32:45,531 - DEBUG - ChannelConnectivity.CONNECTING
2025-04-26 21:32:45,555 - DEBUG - ChannelConnectivity.READY
2025-04-26 21:32:45,559 - INFO - 
2025-04-26 21:32:45,563 - INFO - Received: get_parameters message 40d91ad2-bbde-45df-a5c5-2bb4651664d7
2025-04-26 21:32:45,574 - INFO - Sent reply
2025-04-26 21:33:16,154 - INFO - Starting federated learning simulation
2025-04-26 21:33:16,162 - INFO - Loading CICIDS2017 data from C:\Users\Samsung\OneDrive\Desktop\Random Projects Cause I Was Bored\People\Adi Senior Research\MachineLearningCVE
2025-04-26 21:33:38,183 - INFO - Loaded 2830743 samples from 8 files
2025-04-26 21:33:42,673 - INFO - Prepared 800 training and 200 validation samples
2025-04-26 21:33:43,493 - INFO - Starting round 1
2025-04-26 21:33:49,137 - INFO - Client 3 starting
2025-04-26 21:33:49,177 - INFO - Client 2 starting
2025-04-26 21:33:49,326 - INFO - Client 1 starting
2025-04-26 21:33:57,791 - INFO - Client 2 training completed, loss: 10.8744
2025-04-26 21:33:57,808 - INFO - Client 1 training completed, loss: 11.5496
2025-04-26 21:33:57,811 - INFO - Client 3 training completed, loss: 11.2594
2025-04-26 21:33:57,887 - INFO - Client 2 evaluation completed, accuracy: 0.7273
2025-04-26 21:33:57,892 - INFO - Client 3 evaluation completed, accuracy: 0.8235
2025-04-26 21:33:57,922 - INFO - Client 1 evaluation completed, accuracy: 0.8788
2025-04-26 21:34:02,634 - INFO - Aggregating client parameters
2025-04-26 21:34:02,639 - INFO - Aggregation completed
2025-04-26 21:34:02,797 - INFO - Round 1 global model accuracy: 0.7650
2025-04-26 21:34:02,799 - INFO - Starting round 2
2025-04-26 21:34:07,576 - INFO - Client 1 starting
2025-04-26 21:34:17,111 - INFO - Client 2 starting
2025-04-26 21:34:18,619 - INFO - Client 1 training completed, loss: 11.0516
2025-04-26 21:34:18,668 - INFO - Client 1 evaluation completed, accuracy: 0.8333
2025-04-26 21:34:25,118 - INFO - Client 2 training completed, loss: 11.2226
2025-04-26 21:34:25,166 - INFO - Client 2 evaluation completed, accuracy: 0.7273
2025-04-26 21:34:25,400 - INFO - Client 3 starting
2025-04-26 21:34:37,045 - INFO - Client 3 training completed, loss: 10.9351
2025-04-26 21:34:37,094 - INFO - Client 3 evaluation completed, accuracy: 0.8382
2025-04-26 21:34:38,087 - INFO - Aggregating client parameters
2025-04-26 21:34:38,088 - INFO - Aggregation completed
2025-04-26 21:34:38,158 - INFO - Round 2 global model accuracy: 0.8050
2025-04-26 21:34:38,162 - INFO - Starting round 3
2025-04-26 21:34:42,677 - INFO - Client 1 starting
2025-04-26 21:34:45,157 - INFO - Client 1 training completed, loss: 10.1254
2025-04-26 21:34:45,183 - INFO - Client 1 evaluation completed, accuracy: 0.8485
2025-04-26 21:34:47,277 - INFO - Client 2 starting
2025-04-26 21:34:49,271 - INFO - Client 2 training completed, loss: 10.2932
2025-04-26 21:34:49,295 - INFO - Client 2 evaluation completed, accuracy: 0.7273
2025-04-26 21:34:51,732 - INFO - Client 3 starting
2025-04-26 21:34:54,324 - INFO - Client 3 training completed, loss: 10.7628
2025-04-26 21:34:54,340 - INFO - Client 3 evaluation completed, accuracy: 0.8382
2025-04-26 21:34:55,438 - INFO - Aggregating client parameters
2025-04-26 21:34:55,439 - INFO - Aggregation completed
2025-04-26 21:34:55,501 - INFO - Round 3 global model accuracy: 0.8050
2025-04-26 21:34:55,501 - INFO - Federated learning simulation completed
2025-05-10 21:13:51,324 - INFO - Starting federated learning simulation
2025-05-10 21:13:51,334 - INFO - Loading CICIDS2017 data from C:\Users\Samsung\OneDrive\Desktop\Random Projects Cause I Was Bored\People\Adi Senior Research\MachineLearningCVE
2025-05-10 21:14:20,966 - INFO - Loaded 2830743 samples from 8 files
2025-05-10 21:14:29,026 - INFO - Prepared 800 training and 200 validation samples
2025-05-10 21:14:29,773 - INFO - Starting round 1
2025-05-10 21:14:37,590 - INFO - Client 2 starting
2025-05-10 21:14:41,137 - INFO - Client 2 training completed, loss: 10.8448
2025-05-10 21:14:41,139 - INFO - Client 3 training completed, loss: 10.9305
2025-05-10 21:14:41,142 - INFO - Client 1 training completed, loss: 10.8551
2025-05-10 21:14:41,159 - INFO - Client 2 evaluation completed, accuracy: 0.7273
2025-05-10 21:14:41,160 - INFO - Client 3 evaluation completed, accuracy: 0.8088
2025-05-10 21:14:41,162 - INFO - Client 1 evaluation completed, accuracy: 0.8485
2025-05-10 21:14:42,557 - INFO - Aggregating client parameters
2025-05-10 21:14:42,560 - INFO - Aggregation completed
2025-05-10 21:14:42,686 - INFO - Round 1 global model accuracy: 0.8050
2025-05-10 21:14:42,687 - INFO - Starting round 2
2025-05-10 21:14:48,086 - INFO - Client 1 starting
2025-05-10 21:14:50,438 - INFO - Client 1 training completed, loss: 10.4858
2025-05-10 21:14:50,462 - INFO - Client 1 evaluation completed, accuracy: 0.8485
2025-05-10 21:14:53,439 - INFO - Client 2 starting
2025-05-10 21:14:55,864 - INFO - Client 2 training completed, loss: 10.8556
2025-05-10 21:14:55,890 - INFO - Client 2 evaluation completed, accuracy: 0.7273
2025-05-10 21:14:58,672 - INFO - Client 3 starting
2025-05-10 21:15:01,195 - INFO - Client 3 training completed, loss: 11.1162
2025-05-10 21:15:01,212 - INFO - Client 3 evaluation completed, accuracy: 0.8382
2025-05-10 21:15:02,314 - INFO - Aggregating client parameters
2025-05-10 21:15:02,316 - INFO - Aggregation completed
2025-05-10 21:15:02,369 - INFO - Round 2 global model accuracy: 0.8050
2025-05-10 21:15:02,370 - INFO - Starting round 3
2025-05-10 21:15:07,413 - INFO - Client 1 starting
2025-05-10 21:15:09,774 - INFO - Client 1 training completed, loss: 10.2304
2025-05-10 21:15:09,800 - INFO - Client 1 evaluation completed, accuracy: 0.8485
2025-05-10 21:15:12,422 - INFO - Client 2 starting
2025-05-10 21:15:14,895 - INFO - Client 2 training completed, loss: 10.2497
2025-05-10 21:15:14,929 - INFO - Client 2 evaluation completed, accuracy: 0.7273
2025-05-10 21:15:18,072 - INFO - Client 3 starting
2025-05-10 21:15:20,681 - INFO - Client 3 training completed, loss: 10.2044
2025-05-10 21:15:20,699 - INFO - Client 3 evaluation completed, accuracy: 0.8382
2025-05-10 21:15:22,192 - INFO - Aggregating client parameters
2025-05-10 21:15:22,194 - INFO - Aggregation completed
2025-05-10 21:15:22,280 - INFO - Round 3 global model accuracy: 0.8050
2025-05-10 21:15:22,281 - INFO - Federated learning simulation completed
